{"/Users/balakrishna/Documents/nasi-lemak/src/global.d.ts": {"path":"/Users/balakrishna/Documents/nasi-lemak/src/global.d.ts","statementMap":{},"fnMap":{},"branchMap":{},"s":{},"f":{},"b":{},"inputSourceMap":null}
,"/Users/balakrishna/Documents/nasi-lemak/src/components/Common/Input/Input.svelte": {"path":"/Users/balakrishna/Documents/nasi-lemak/src/components/Common/Input/Input.svelte","statementMap":{"0":{"start":{"line":7,"column":40},"end":{"line":7,"column":53}},"1":{"start":{"line":5,"column":0},"end":{"line":8,"column":null}},"2":{"start":{"line":6,"column":1},"end":{"line":6,"column":null}},"3":{"start":{"line":7,"column":1},"end":{"line":7,"column":null}},"4":{"start":{"line":2,"column":41},"end":{"line":2,"column":null}}},"fnMap":{},"branchMap":{"0":{"loc":{"start":{"line":7,"column":40},"end":{"line":7,"column":53}},"type":"if","locations":[{"start":{"line":7,"column":40},"end":{"line":7,"column":53}}]}},"s":{"0":13,"1":13,"2":13,"3":13,"4":13},"f":{},"b":{"0":[0]}}
,"/Users/balakrishna/Documents/nasi-lemak/src/components/Common/Input/index.ts": {"path":"/Users/balakrishna/Documents/nasi-lemak/src/components/Common/Input/index.ts","statementMap":{"0":{"start":{"line":1,"column":0},"end":{"line":1,"column":35}},"1":{"start":{"line":3,"column":0},"end":{"line":3,"column":21}}},"fnMap":{},"branchMap":{},"s":{"0":1,"1":1},"f":{},"b":{}}
,"/Users/balakrishna/Documents/nasi-lemak/src/components/Common/QRCodeWrapper/QRCodeWrapper.svelte": {"path":"/Users/balakrishna/Documents/nasi-lemak/src/components/Common/QRCodeWrapper/QRCodeWrapper.svelte","statementMap":{"0":{"start":{"line":1,"column":0},"end":{"line":7,"column":null}},"1":{"start":{"line":2,"column":1},"end":{"line":6,"column":null}},"2":{"start":{"line":3,"column":2},"end":{"line":5,"column":null}},"3":{"start":{"line":4,"column":3},"end":{"line":4,"column":null}}},"fnMap":{},"branchMap":{},"s":{"0":1,"1":1,"2":1,"3":1},"f":{},"b":{}}
,"/Users/balakrishna/Documents/nasi-lemak/src/components/Common/QRCodeWrapper/index.ts": {"path":"/Users/balakrishna/Documents/nasi-lemak/src/components/Common/QRCodeWrapper/index.ts","statementMap":{"0":{"start":{"line":1,"column":0},"end":{"line":1,"column":51}},"1":{"start":{"line":3,"column":0},"end":{"line":3,"column":29}}},"fnMap":{},"branchMap":{},"s":{"0":1,"1":1},"f":{},"b":{}}
,"/Users/balakrishna/Documents/nasi-lemak/src/components/Main/Main.svelte": {"path":"/Users/balakrishna/Documents/nasi-lemak/src/components/Main/Main.svelte","statementMap":{"0":{"start":{"line":2,"column":13},"end":{"line":2,"column":null}},"1":{"start":{"line":3,"column":21},"end":{"line":3,"column":null}},"2":{"start":{"line":4,"column":21},"end":{"line":4,"column":null}},"3":{"start":{"line":5,"column":39},"end":{"line":5,"column":null}},"4":{"start":{"line":78,"column":20},"end":{"line":78,"column":35}},"5":{"start":{"line":78,"column":25},"end":{"line":78,"column":35}},"6":{"start":{"line":77,"column":9},"end":{"line":79,"column":null}},"7":{"start":{"line":78,"column":10},"end":{"line":78,"column":null}},"8":{"start":{"line":175,"column":5},"end":{"line":177,"column":null}},"9":{"start":{"line":176,"column":6},"end":{"line":176,"column":null}},"10":{"start":{"line":176,"column":63},"end":{"line":176,"column":91}},"11":{"start":{"line":76,"column":13},"end":{"line":76,"column":null}},"12":{"start":{"line":100,"column":20},"end":{"line":100,"column":null}},"13":{"start":{"line":106,"column":20},"end":{"line":106,"column":null}},"14":{"start":{"line":113,"column":37},"end":{"line":113,"column":null}},"15":{"start":{"line":116,"column":20},"end":{"line":116,"column":null}},"16":{"start":{"line":123,"column":35},"end":{"line":123,"column":null}},"17":{"start":{"line":127,"column":37},"end":{"line":127,"column":null}},"18":{"start":{"line":131,"column":39},"end":{"line":131,"column":null}},"19":{"start":{"line":134,"column":20},"end":{"line":134,"column":null}},"20":{"start":{"line":143,"column":20},"end":{"line":143,"column":null}},"21":{"start":{"line":147,"column":35},"end":{"line":147,"column":null}},"22":{"start":{"line":151,"column":37},"end":{"line":151,"column":null}},"23":{"start":{"line":154,"column":20},"end":{"line":154,"column":null}},"24":{"start":{"line":161,"column":39},"end":{"line":161,"column":null}},"25":{"start":{"line":174,"column":9},"end":{"line":174,"column":null}},"26":{"start":{"line":84,"column":41},"end":{"line":86,"column":null}},"27":{"start":{"line":65,"column":0},"end":{"line":182,"column":null}},"28":{"start":{"line":66,"column":1},"end":{"line":181,"column":null}},"29":{"start":{"line":67,"column":2},"end":{"line":180,"column":null}},"30":{"start":{"line":68,"column":3},"end":{"line":171,"column":null}},"31":{"start":{"line":69,"column":4},"end":{"line":170,"column":null}},"32":{"start":{"line":70,"column":5},"end":{"line":163,"column":null}},"33":{"start":{"line":71,"column":6},"end":{"line":73,"column":null}},"34":{"start":{"line":72,"column":7},"end":{"line":72,"column":null}},"35":{"start":{"line":74,"column":6},"end":{"line":96,"column":null}},"36":{"start":{"line":75,"column":7},"end":{"line":81,"column":null}},"37":{"start":{"line":82,"column":7},"end":{"line":95,"column":null}},"38":{"start":{"line":83,"column":8},"end":{"line":94,"column":null}},"39":{"start":{"line":84,"column":9},"end":{"line":93,"column":null}},"40":{"start":{"line":86,"column":10},"end":{"line":92,"column":null}},"41":{"start":{"line":97,"column":6},"end":{"line":110,"column":null}},"42":{"start":{"line":112,"column":6},"end":{"line":120,"column":null}},"43":{"start":{"line":122,"column":6},"end":{"line":124,"column":null}},"44":{"start":{"line":126,"column":6},"end":{"line":128,"column":null}},"45":{"start":{"line":130,"column":6},"end":{"line":138,"column":null}},"46":{"start":{"line":140,"column":6},"end":{"line":148,"column":null}},"47":{"start":{"line":150,"column":6},"end":{"line":158,"column":null}},"48":{"start":{"line":160,"column":6},"end":{"line":162,"column":null}},"49":{"start":{"line":164,"column":5},"end":{"line":169,"column":null}},"50":{"start":{"line":165,"column":6},"end":{"line":167,"column":null}},"51":{"start":{"line":168,"column":6},"end":{"line":168,"column":null}},"52":{"start":{"line":172,"column":3},"end":{"line":179,"column":null}},"53":{"start":{"line":7,"column":9},"end":{"line":7,"column":null}},"54":{"start":{"line":14,"column":2},"end":{"line":14,"column":null}},"55":{"start":{"line":15,"column":10},"end":{"line":15,"column":null}},"56":{"start":{"line":17,"column":3},"end":{"line":17,"column":null}},"57":{"start":{"line":19,"column":2},"end":{"line":19,"column":null}},"58":{"start":{"line":23,"column":2},"end":{"line":23,"column":null}},"59":{"start":{"line":27,"column":2},"end":{"line":27,"column":null}},"60":{"start":{"line":31,"column":13},"end":{"line":31,"column":null}},"61":{"start":{"line":38,"column":2},"end":{"line":38,"column":null}},"62":{"start":{"line":40,"column":18},"end":{"line":40,"column":null}},"63":{"start":{"line":41,"column":7},"end":{"line":41,"column":null}},"64":{"start":{"line":41,"column":14},"end":{"line":41,"column":null}},"65":{"start":{"line":42,"column":2},"end":{"line":42,"column":null}},"66":{"start":{"line":43,"column":2},"end":{"line":43,"column":null}},"67":{"start":{"line":44,"column":2},"end":{"line":44,"column":null}},"68":{"start":{"line":48,"column":2},"end":{"line":48,"column":null}},"69":{"start":{"line":49,"column":2},"end":{"line":49,"column":null}},"70":{"start":{"line":58,"column":2},"end":{"line":60,"column":null}},"71":{"start":{"line":88,"column":23},"end":{"line":88,"column":null}},"72":{"start":{"line":88,"column":29},"end":{"line":88,"column":null}},"73":{"start":{"line":89,"column":30},"end":{"line":89,"column":null}},"74":{"start":{"line":90,"column":26},"end":{"line":90,"column":null}},"75":{"start":{"line":52,"column":1},"end":{"line":55,"column":null}},"76":{"start":{"line":52,"column":4},"end":{"line":55,"column":null}},"77":{"start":{"line":53,"column":17},"end":{"line":53,"column":18}}},"fnMap":{"0":{"name":"(anonymous_66)","decl":{"start":{"line":88,"column":23},"end":{"line":88,"column":24}},"loc":{"start":{"line":88,"column":29},"end":{"line":88,"column":null}}},"1":{"name":"(anonymous_67)","decl":{"start":{"line":89,"column":30},"end":{"line":89,"column":34}},"loc":{"start":{"line":89,"column":30},"end":{"line":89,"column":null}}},"2":{"name":"(anonymous_68)","decl":{"start":{"line":90,"column":26},"end":{"line":90,"column":30}},"loc":{"start":{"line":90,"column":26},"end":{"line":90,"column":null}}},"3":{"name":"(anonymous_85)","decl":{"start":{"line":53,"column":11},"end":{"line":53,"column":12}},"loc":{"start":{"line":53,"column":17},"end":{"line":53,"column":18}}}},"branchMap":{"0":{"loc":{"start":{"line":78,"column":20},"end":{"line":78,"column":35}},"type":"if","locations":[{"start":{"line":78,"column":20},"end":{"line":78,"column":35}}]},"1":{"loc":{"start":{"line":78,"column":20},"end":{"line":78,"column":35}},"type":"binary-expr","locations":[{"start":{"line":78,"column":20},"end":{"line":78,"column":25}},{"start":{"line":78,"column":20},"end":{"line":78,"column":35}}]},"2":{"loc":{"start":{"line":76,"column":13},"end":{"line":76,"column":null}},"type":"binary-expr","locations":[{"start":{"line":76,"column":13},"end":{"line":76,"column":null}},{"start":{"line":76,"column":18},"end":{"line":76,"column":null}}]},"3":{"loc":{"start":{"line":174,"column":9},"end":{"line":174,"column":null}},"type":"binary-expr","locations":[{"start":{"line":174,"column":9},"end":{"line":174,"column":null}},{"start":{"line":174,"column":29},"end":{"line":174,"column":null}}]},"4":{"loc":{"start":{"line":41,"column":7},"end":{"line":41,"column":null}},"type":"if","locations":[{"start":{"line":41,"column":7},"end":{"line":41,"column":null}}]}},"s":{"0":1,"1":1,"2":1,"3":1,"4":0,"5":0,"6":0,"7":0,"8":0,"9":0,"10":0,"11":1,"12":1,"13":1,"14":1,"15":1,"16":1,"17":1,"18":1,"19":1,"20":1,"21":1,"22":1,"23":1,"24":1,"25":1,"26":1,"27":1,"28":1,"29":1,"30":1,"31":1,"32":1,"33":1,"34":1,"35":1,"36":1,"37":1,"38":1,"39":1,"40":1,"41":1,"42":1,"43":1,"44":1,"45":1,"46":1,"47":1,"48":1,"49":1,"50":1,"51":1,"52":1,"53":1,"54":0,"55":0,"56":0,"57":0,"58":0,"59":0,"60":0,"61":0,"62":0,"63":0,"64":0,"65":0,"66":0,"67":0,"68":0,"69":0,"70":0,"71":1,"72":0,"73":1,"74":1,"75":1,"76":1,"77":2},"f":{"0":0,"1":0,"2":0,"3":2},"b":{"0":[0],"1":[0,0],"2":[1,0],"3":[1,0],"4":[0]}}
,"/Users/balakrishna/Documents/nasi-lemak/src/components/Main/constants.ts": {"path":"/Users/balakrishna/Documents/nasi-lemak/src/components/Main/constants.ts","statementMap":{"0":{"start":{"line":1,"column":13},"end":{"line":17,"column":2}}},"fnMap":{},"branchMap":{},"s":{"0":1},"f":{},"b":{}}
,"/Users/balakrishna/Documents/nasi-lemak/src/components/Main/helpers.ts": {"path":"/Users/balakrishna/Documents/nasi-lemak/src/components/Main/helpers.ts","statementMap":{"0":{"start":{"line":4,"column":1},"end":{"line":30,"column":null}},"1":{"start":{"line":5,"column":18},"end":{"line":5,"column":53}},"2":{"start":{"line":5,"column":19},"end":{"line":5,"column":44}},"3":{"start":{"line":6,"column":16},"end":{"line":6,"column":25}},"4":{"start":{"line":7,"column":2},"end":{"line":7,"column":58}},"5":{"start":{"line":7,"column":24},"end":{"line":7,"column":58}},"6":{"start":{"line":8,"column":2},"end":{"line":8,"column":55}},"7":{"start":{"line":8,"column":23},"end":{"line":8,"column":55}},"8":{"start":{"line":9,"column":2},"end":{"line":9,"column":44}},"9":{"start":{"line":9,"column":19},"end":{"line":9,"column":44}},"10":{"start":{"line":10,"column":2},"end":{"line":10,"column":55}},"11":{"start":{"line":10,"column":21},"end":{"line":10,"column":55}},"12":{"start":{"line":11,"column":2},"end":{"line":11,"column":58}},"13":{"start":{"line":11,"column":24},"end":{"line":11,"column":58}},"14":{"start":{"line":12,"column":2},"end":{"line":12,"column":48}},"15":{"start":{"line":12,"column":19},"end":{"line":12,"column":48}},"16":{"start":{"line":13,"column":2},"end":{"line":13,"column":55}},"17":{"start":{"line":13,"column":25},"end":{"line":13,"column":55}},"18":{"start":{"line":14,"column":2},"end":{"line":14,"column":46}},"19":{"start":{"line":14,"column":21},"end":{"line":14,"column":46}},"20":{"start":{"line":15,"column":2},"end":{"line":15,"column":78}},"21":{"start":{"line":15,"column":29},"end":{"line":15,"column":78}},"22":{"start":{"line":16,"column":2},"end":{"line":16,"column":72}},"23":{"start":{"line":16,"column":27},"end":{"line":16,"column":72}},"24":{"start":{"line":17,"column":2},"end":{"line":17,"column":76}},"25":{"start":{"line":17,"column":26},"end":{"line":17,"column":76}},"26":{"start":{"line":18,"column":2},"end":{"line":18,"column":92}},"27":{"start":{"line":18,"column":36},"end":{"line":18,"column":92}},"28":{"start":{"line":19,"column":2},"end":{"line":19,"column":48}},"29":{"start":{"line":19,"column":20},"end":{"line":19,"column":48}},"30":{"start":{"line":27,"column":2},"end":{"line":27,"column":36}},"31":{"start":{"line":29,"column":2},"end":{"line":29,"column":23}},"32":{"start":{"line":3,"column":0},"end":{"line":3,"column":7}},"33":{"start":{"line":34,"column":1},"end":{"line":67,"column":null}},"34":{"start":{"line":35,"column":24},"end":{"line":35,"column":65}},"35":{"start":{"line":35,"column":25},"end":{"line":35,"column":56}},"36":{"start":{"line":36,"column":50},"end":{"line":36,"column":54}},"37":{"start":{"line":38,"column":18},"end":{"line":58,"column":4}},"38":{"start":{"line":60,"column":2},"end":{"line":62,"column":null}},"39":{"start":{"line":61,"column":3},"end":{"line":61,"column":27}},"40":{"start":{"line":64,"column":2},"end":{"line":64,"column":36}},"41":{"start":{"line":66,"column":2},"end":{"line":66,"column":23}},"42":{"start":{"line":33,"column":0},"end":{"line":33,"column":7}}},"fnMap":{"0":{"name":"generateVCard","decl":{"start":{"line":3,"column":22},"end":{"line":3,"column":35}},"loc":{"start":{"line":3,"column":46},"end":{"line":31,"column":1}}},"1":{"name":"(anonymous_7)","decl":{"start":{"line":5,"column":19},"end":{"line":5,"column":32}},"loc":{"start":{"line":5,"column":19},"end":{"line":5,"column":44}}},"2":{"name":"generateQRCode","decl":{"start":{"line":33,"column":22},"end":{"line":33,"column":36}},"loc":{"start":{"line":33,"column":41},"end":{"line":68,"column":1}}},"3":{"name":"(anonymous_9)","decl":{"start":{"line":35,"column":25},"end":{"line":35,"column":38}},"loc":{"start":{"line":35,"column":25},"end":{"line":35,"column":56}}}},"branchMap":{"0":{"loc":{"start":{"line":7,"column":2},"end":{"line":7,"column":58}},"type":"if","locations":[{"start":{"line":7,"column":2},"end":{"line":7,"column":58}}]},"1":{"loc":{"start":{"line":8,"column":2},"end":{"line":8,"column":55}},"type":"if","locations":[{"start":{"line":8,"column":2},"end":{"line":8,"column":55}}]},"2":{"loc":{"start":{"line":9,"column":2},"end":{"line":9,"column":44}},"type":"if","locations":[{"start":{"line":9,"column":2},"end":{"line":9,"column":44}}]},"3":{"loc":{"start":{"line":10,"column":2},"end":{"line":10,"column":55}},"type":"if","locations":[{"start":{"line":10,"column":2},"end":{"line":10,"column":55}}]},"4":{"loc":{"start":{"line":11,"column":2},"end":{"line":11,"column":58}},"type":"if","locations":[{"start":{"line":11,"column":2},"end":{"line":11,"column":58}}]},"5":{"loc":{"start":{"line":12,"column":2},"end":{"line":12,"column":48}},"type":"if","locations":[{"start":{"line":12,"column":2},"end":{"line":12,"column":48}}]},"6":{"loc":{"start":{"line":13,"column":2},"end":{"line":13,"column":55}},"type":"if","locations":[{"start":{"line":13,"column":2},"end":{"line":13,"column":55}}]},"7":{"loc":{"start":{"line":14,"column":2},"end":{"line":14,"column":46}},"type":"if","locations":[{"start":{"line":14,"column":2},"end":{"line":14,"column":46}}]},"8":{"loc":{"start":{"line":15,"column":2},"end":{"line":15,"column":78}},"type":"if","locations":[{"start":{"line":15,"column":2},"end":{"line":15,"column":78}}]},"9":{"loc":{"start":{"line":16,"column":2},"end":{"line":16,"column":72}},"type":"if","locations":[{"start":{"line":16,"column":2},"end":{"line":16,"column":72}}]},"10":{"loc":{"start":{"line":17,"column":2},"end":{"line":17,"column":76}},"type":"if","locations":[{"start":{"line":17,"column":2},"end":{"line":17,"column":76}}]},"11":{"loc":{"start":{"line":18,"column":2},"end":{"line":18,"column":92}},"type":"if","locations":[{"start":{"line":18,"column":2},"end":{"line":18,"column":92}}]},"12":{"loc":{"start":{"line":19,"column":2},"end":{"line":19,"column":48}},"type":"if","locations":[{"start":{"line":19,"column":2},"end":{"line":19,"column":48}}]},"13":{"loc":{"start":{"line":60,"column":2},"end":{"line":62,"column":null}},"type":"if","locations":[{"start":{"line":60,"column":2},"end":{"line":62,"column":null}}]}},"s":{"0":1,"1":1,"2":1,"3":1,"4":1,"5":1,"6":1,"7":0,"8":1,"9":0,"10":1,"11":0,"12":1,"13":0,"14":1,"15":0,"16":1,"17":0,"18":1,"19":0,"20":1,"21":0,"22":1,"23":0,"24":1,"25":0,"26":1,"27":0,"28":1,"29":0,"30":1,"31":0,"32":2,"33":1,"34":1,"35":1,"36":1,"37":1,"38":1,"39":0,"40":1,"41":0,"42":2},"f":{"0":1,"1":1,"2":1,"3":1},"b":{"0":[1],"1":[0],"2":[0],"3":[0],"4":[0],"5":[0],"6":[0],"7":[0],"8":[0],"9":[0],"10":[0],"11":[0],"12":[0],"13":[0]}}
,"/Users/balakrishna/Documents/nasi-lemak/src/components/Main/index.ts": {"path":"/Users/balakrishna/Documents/nasi-lemak/src/components/Main/index.ts","statementMap":{"0":{"start":{"line":1,"column":0},"end":{"line":1,"column":33}},"1":{"start":{"line":3,"column":0},"end":{"line":3,"column":20}}},"fnMap":{},"branchMap":{},"s":{"0":0,"1":0},"f":{},"b":{}}
}
