TN:
SF:src/global.d.ts
FNF:0
FNH:0
LF:0
LH:0
BRF:0
BRH:0
end_of_record
TN:
SF:src/components/Common/Input/Input.svelte
FNF:0
FNH:0
DA:2,13
DA:5,13
DA:6,13
DA:7,13
LF:4
LH:4
BRDA:7,0,0,0
BRF:1
BRH:0
end_of_record
TN:
SF:src/components/Common/Input/index.ts
FNF:0
FNH:0
DA:1,1
DA:3,1
LF:2
LH:2
BRF:0
BRH:0
end_of_record
TN:
SF:src/components/Common/QRCodeWrapper/QRCodeWrapper.svelte
FNF:0
FNH:0
DA:1,1
DA:2,1
DA:3,1
DA:4,1
LF:4
LH:4
BRF:0
BRH:0
end_of_record
TN:
SF:src/components/Common/QRCodeWrapper/index.ts
FNF:0
FNH:0
DA:1,1
DA:3,1
LF:2
LH:2
BRF:0
BRH:0
end_of_record
TN:
SF:src/components/Main/Main.svelte
FN:88,(anonymous_66)
FN:89,(anonymous_67)
FN:90,(anonymous_68)
FN:53,(anonymous_85)
FNF:4
FNH:1
FNDA:0,(anonymous_66)
FNDA:0,(anonymous_67)
FNDA:0,(anonymous_68)
FNDA:2,(anonymous_85)
DA:2,1
DA:3,1
DA:4,1
DA:5,1
DA:7,1
DA:14,0
DA:15,0
DA:17,0
DA:19,0
DA:23,0
DA:27,0
DA:31,0
DA:38,0
DA:40,0
DA:41,0
DA:42,0
DA:43,0
DA:44,0
DA:48,0
DA:49,0
DA:52,1
DA:53,2
DA:58,0
DA:65,1
DA:66,1
DA:67,1
DA:68,1
DA:69,1
DA:70,1
DA:71,1
DA:72,1
DA:74,1
DA:75,1
DA:76,1
DA:77,0
DA:78,0
DA:82,1
DA:83,1
DA:84,1
DA:86,1
DA:88,1
DA:89,1
DA:90,1
DA:97,1
DA:100,1
DA:106,1
DA:112,1
DA:113,1
DA:116,1
DA:122,1
DA:123,1
DA:126,1
DA:127,1
DA:130,1
DA:131,1
DA:134,1
DA:140,1
DA:143,1
DA:147,1
DA:150,1
DA:151,1
DA:154,1
DA:160,1
DA:161,1
DA:164,1
DA:165,1
DA:168,1
DA:172,1
DA:174,1
DA:175,0
DA:176,0
LF:71
LH:51
BRDA:78,0,0,0
BRDA:78,1,0,0
BRDA:78,1,1,0
BRDA:76,2,0,1
BRDA:76,2,1,0
BRDA:174,3,0,1
BRDA:174,3,1,0
BRDA:41,4,0,0
BRF:8
BRH:2
end_of_record
TN:
SF:src/components/Main/constants.ts
FNF:0
FNH:0
DA:1,1
LF:1
LH:1
BRF:0
BRH:0
end_of_record
TN:
SF:src/components/Main/helpers.ts
FN:3,generateVCard
FN:5,(anonymous_7)
FN:33,generateQRCode
FN:35,(anonymous_9)
FNF:4
FNH:4
FNDA:1,generateVCard
FNDA:1,(anonymous_7)
FNDA:1,generateQRCode
FNDA:1,(anonymous_9)
DA:3,2
DA:4,1
DA:5,1
DA:6,1
DA:7,1
DA:8,1
DA:9,1
DA:10,1
DA:11,1
DA:12,1
DA:13,1
DA:14,1
DA:15,1
DA:16,1
DA:17,1
DA:18,1
DA:19,1
DA:27,1
DA:29,0
DA:33,2
DA:34,1
DA:35,1
DA:36,1
DA:38,1
DA:60,1
DA:61,0
DA:64,1
DA:66,0
LF:28
LH:25
BRDA:7,0,0,1
BRDA:8,1,0,0
BRDA:9,2,0,0
BRDA:10,3,0,0
BRDA:11,4,0,0
BRDA:12,5,0,0
BRDA:13,6,0,0
BRDA:14,7,0,0
BRDA:15,8,0,0
BRDA:16,9,0,0
BRDA:17,10,0,0
BRDA:18,11,0,0
BRDA:19,12,0,0
BRDA:60,13,0,0
BRF:14
BRH:1
end_of_record
TN:
SF:src/components/Main/index.ts
FNF:0
FNH:0
DA:1,0
DA:3,0
LF:2
LH:0
BRF:0
BRH:0
end_of_record
